<?xml version="1.0" encoding="UTF-8"?>
<testsuite name="edu.coursera.parallel.OneDimAveragingPhaserTest" time="113.983" tests="1" errors="0" skipped="0" failures="1">
  <properties>
[...]
</properties>
  <testcase name="testFuzzyBarrier" classname="edu.coursera.parallel.OneDimAveragingPhaserTest" time="113.983">
    <failure message="Mismatch on output at element 2 expected:&lt;1.6186464395615483E-282&gt; but was:&lt;0.0&gt;" type="junit.framework.AssertionFailedError"><![CDATA[junit.framework.AssertionFailedError: Mismatch on output at element 2 expected:<1.6186464395615483E-282> but was:<0.0>
	at junit.framework.Assert.fail(Assert.java:47)
	at junit.framework.Assert.failNotEquals(Assert.java:280)
	at junit.framework.Assert.assertEquals(Assert.java:64)
	at edu.coursera.parallel.OneDimAveragingPhaserTest.checkResult(OneDimAveragingPhaserTest.java:92)
	at edu.coursera.parallel.OneDimAveragingPhaserTest.parTestHelper(OneDimAveragingPhaserTest.java:122)
	at edu.coursera.parallel.OneDimAveragingPhaserTest.testFuzzyBarrier(OneDimAveragingPhaserTest.java:139)
]]></failure>
    <system-err><![CDATA[Exception in thread "Thread-12" java.lang.IllegalStateException: Attempted arrival of unregistered party for java.util.concurrent.Phaser@3573fdb0[phase = 226 parties = 8 arrived = 8]
	at java.util.concurrent.Phaser.doArrive(Phaser.java:391)
	at java.util.concurrent.Phaser.arrive(Phaser.java:634)
	at edu.coursera.parallel.OneDimAveragingPhaser.lambda$runParallelFuzzyBarrier$1(OneDimAveragingPhaser.java:142)
	at java.lang.Thread.run(Thread.java:748)
Exception in thread "Thread-13" java.lang.IllegalStateException: Attempted arrival of unregistered party for java.util.concurrent.Phaser@3573fdb0[phase = 4762 parties = 8 arrived = 8]
	at java.util.concurrent.Phaser.doArrive(Phaser.java:391)
	at java.util.concurrent.Phaser.arrive(Phaser.java:634)
	at edu.coursera.parallel.OneDimAveragingPhaser.lambda$runParallelFuzzyBarrier$1(OneDimAveragingPhaser.java:142)
	at java.lang.Thread.run(Thread.java:748)
Exception in thread "Thread-8" java.lang.IllegalStateException: Attempted arrival of unregistered party for java.util.concurrent.Phaser@3573fdb0[phase = 7079 parties = 8 arrived = 8]
	at java.util.concurrent.Phaser.doArrive(Phaser.java:391)
	at java.util.concurrent.Phaser.arrive(Phaser.java:634)
	at edu.coursera.parallel.OneDimAveragingPhaser.lambda$runParallelFuzzyBarrier$1(OneDimAveragingPhaser.java:142)
	at java.lang.Thread.run(Thread.java:748)
]]></system-err>
  </testcase>
</testsuite>